2026-03-13 14:01:04,034 | WARNING | LOGIN_FAIL | user=ADMIN
2026-03-13 14:01:08,381 | WARNING | LOGIN_FAIL | user=ADMIN
2026-03-13 14:01:10,722 | WARNING | LOGIN_FAIL | user=ADMIN
2026-03-13 14:02:04,715 | WARNING | LOGIN_FAIL | user=ADMIN
2026-03-13 14:02:33,633 | WARNING | LOGIN_FAIL | user=DEMO
2026-03-13 14:02:36,631 | WARNING | LOGIN_FAIL | user=DEMO
2026-03-13 14:02:39,372 | WARNING | LOGIN_FAIL | user=DEMO
2026-03-13 14:02:39,550 | WARNING | LOGIN_FAIL | user=DEMO
2026-03-13 14:03:28,329 | INFO | LOGIN_SUCCESS | user=admin
2026-03-13 14:05:10,932 | INFO | LOGIN_SUCCESS | user=admin
2026-03-13 14:06:59,845 | INFO | LOGIN_SUCCESS | user=admin
2026-03-13 14:09:39,337 | INFO | LOGIN_SUCCESS | user=admin
2026-03-13 14:10:59,718 | INFO | LOGIN_SUCCESS | user=admin
2026-03-13 14:14:26,197 | WARNING | LOGIN_FAIL | user=admin
2026-03-13 14:14:33,486 | INFO | LOGIN_SUCCESS | user=admin
2026-03-13 14:20:14,211 | INFO | LOGIN_SUCCESS | user=admin
2026-03-13 14:21:49,063 | INFO | LOGIN_SUCCESS | user=admin
2026-03-13 14:24:55,346 | INFO | LOGIN_SUCCESS | user=admin
2026-03-13 14:28:09,143 | INFO | LOGIN_SUCCESS | user=admin
2026-03-13 14:28:35,302 | INFO | LOGOUT | user=admin
2026-03-13 14:28:47,888 | INFO | LOGIN_SUCCESS | user=demo
2026-03-13 14:43:16,928 | INFO | RGPD_NOTICE_ACCEPTED
2026-03-13 14:43:22,685 | INFO | LOGIN_SUCCESS | user=admin
2026-03-13 14:43:35,206 | INFO | SIMULATION | age=35 bmi=28.0 children=0 smoker=Non region=northeast \u2192 6502
2026-03-13 15:09:02,459 | INFO | RGPD_NOTICE_ACCEPTED
2026-03-13 15:09:09,250 | INFO | LOGIN_SUCCESS | user=admin
2026-03-13 15:09:24,289 | INFO | SIMULATION | age=35 bmi=28.0 children=0 smoker=Non region=northeast \u2192 6502
